INFO  2026-04-20 03:23:11,477 serena.cli:health_check:888 - Starting health check for project: /mnt/v/Sistema_Operativo_Tesis_Posgrado
INFO  2026-04-20 03:23:11,478 serena.cli:health_check:892 - Creating SerenaAgent with disabled dashboard...
INFO  2026-04-20 03:23:11,485 serena.util.file_system:_load_gitignore_files:152 - Processing .gitignore file: /mnt/v/Sistema_Operativo_Tesis_Posgrado/.serena/.gitignore
INFO  2026-04-20 03:23:11,490 serena.agent:__init__:337 - Will record tool usage statistics with token count estimator: CHAR_COUNT.
INFO  2026-04-20 03:23:11,492 serena.agent:__init__:341 - Starting Serena server (version=1.1.2, process id=68938, parent process id=67870; language backend=LSP); Python version=3.13.13, platform=Linux-5.15.167.4-microsoft-standard-WSL2-x86_64-with-glibc2.39
INFO  2026-04-20 03:23:11,493 serena.agent:__init__:345 - Configuration file: /root/.serena/serena_config.yml
INFO  2026-04-20 03:23:11,493 serena.agent:__init__:346 - Available projects: EvaluaPro_Sistema_Universitario, Sistema_Operativo_Tesis_Posgrado, memories
INFO  2026-04-20 03:23:11,494 serena.agent:__init__:347 - Loaded tools (44): read_file, create_text_file, list_dir, find_file, replace_content, delete_lines, replace_lines, insert_at_line, search_for_pattern, restart_language_server, get_symbols_overview, find_symbol, find_referencing_symbols, replace_symbol_body, insert_after_symbol, insert_before_symbol, rename_symbol, safe_delete_symbol, write_memory, read_memory, list_memories, delete_memory, rename_memory, edit_memory, execute_shell_command, open_dashboard, activate_project, remove_project, get_current_config, check_onboarding_performed, onboarding, initial_instructions, jet_brains_find_symbol, jet_brains_move, jet_brains_safe_delete, jet_brains_inline_symbol, jet_brains_find_referencing_symbols, jet_brains_get_symbols_overview, jet_brains_type_hierarchy, jet_brains_find_declaration, jet_brains_find_implementations, jet_brains_rename, list_queryable_projects, query_project
INFO  2026-04-20 03:23:11,494 serena.agent:__init__:359 - Using language backend from global configuration: LSP
INFO  2026-04-20 03:23:11,507 serena.config.serena_config:start:329 - Loading project instance for RegisteredProject[project_root=/mnt/v/Sistema_Operativo_Tesis_Posgrado, project_config=ProjectConfig[project_name=Sistema_Operativo_Tesis_Posgrado]] starting ...
INFO  2026-04-20 03:23:11,507 serena.project:__init__:278 - Serena project data folder: /mnt/v/Sistema_Operativo_Tesis_Posgrado/.serena
INFO  2026-04-20 03:23:11,509 serena.project:start:329 - Gathering ignore spec for project Sistema_Operativo_Tesis_Posgrado starting ...
INFO  2026-04-20 03:23:11,509 serena.config.serena_config:stop:336 - Loading project instance for RegisteredProject[project_root=/mnt/v/Sistema_Operativo_Tesis_Posgrado, project_config=ProjectConfig[project_name=Sistema_Operativo_Tesis_Posgrado]] completed in 0.003 seconds
INFO  2026-04-20 03:23:11,509 serena.util.file_system:start:329 - Loading of .gitignore files starting ...
INFO  2026-04-20 03:23:11,510 serena.agent:activate_project_from_path_or_name:874 - Found registered project 'Sistema_Operativo_Tesis_Posgrado' at path /mnt/v/Sistema_Operativo_Tesis_Posgrado
INFO  2026-04-20 03:23:11,510 serena.agent:_activate_project:821 - Activating Sistema_Operativo_Tesis_Posgrado at /mnt/v/Sistema_Operativo_Tesis_Posgrado
INFO  2026-04-20 03:23:11,511 serena.task_executor:issue_task:192 - Scheduling Task-1:init_language_server_manager
INFO  2026-04-20 03:23:11,511 serena.util.file_system:_load_gitignore_files:152 - Processing .gitignore file: /mnt/v/Sistema_Operativo_Tesis_Posgrado/.gitignore
INFO  2026-04-20 03:23:11,514 serena.agent:_create_base_toolset:503 - Number of exposed tools: 26
INFO  2026-04-20 03:23:11,516 serena.agent:__init__:386 - Number of exposed tools: 26. Exposed tools: ['activate_project', 'check_onboarding_performed', 'create_text_file', 'delete_memory', 'edit_memory', 'execute_shell_command', 'find_file', 'find_referencing_symbols', 'find_symbol', 'get_current_config', 'get_symbols_overview', 'initial_instructions', 'insert_after_symbol', 'insert_before_symbol', 'list_dir', 'list_memories', 'onboarding', 'read_file', 'read_memory', 'rename_memory', 'rename_symbol', 'replace_content', 'replace_symbol_body', 'safe_delete_symbol', 'search_for_pattern', 'write_memory']
INFO  2026-04-20 03:23:11,516 serena.agent:get_mode_names:228 - Active modes: ['editing', 'interactive']
INFO  2026-04-20 03:23:11,520 serena.agent:_update_active_tools:768 - Active tools (26): activate_project, check_onboarding_performed, create_text_file, delete_memory, edit_memory, execute_shell_command, find_file, find_referencing_symbols, find_symbol, get_current_config, get_symbols_overview, initial_instructions, insert_after_symbol, insert_before_symbol, list_dir, list_memories, onboarding, read_file, read_memory, rename_memory, rename_symbol, replace_content, replace_symbol_body, safe_delete_symbol, search_for_pattern, write_memory
INFO  2026-04-20 03:23:11,526 serena.util.file_system:_load_gitignore_files:152 - Processing .gitignore file: /mnt/v/Sistema_Operativo_Tesis_Posgrado/.serena/.gitignore
INFO  2026-04-20 03:23:11,595 serena.task_executor:_process_task_queue:123 - Starting execution of Task-1:init_language_server_manager
INFO  2026-04-20 03:23:11,595 serena.task_executor:start:329 - Task-1:init_language_server_manager starting ...
INFO  2026-04-20 03:23:11,596 serena.agent:start:329 - Language server initialization starting ...
INFO  2026-04-20 03:23:11,596 serena.project:create_language_server_manager:637 - Creating language server manager for /mnt/v/Sistema_Operativo_Tesis_Posgrado
INFO  2026-04-20 03:23:11,597 serena.project:_ignored_patterns:409 - Waiting for ignored patterns to become available ...
INFO  2026-04-20 03:23:12,105 serena.util.file_system:stop:336 - Loading of .gitignore files completed in 0.634 seconds
INFO  2026-04-20 03:23:12,105 serena.project:stop:336 - Gathering ignore spec for project Sistema_Operativo_Tesis_Posgrado completed in 0.635 seconds
INFO  2026-04-20 03:23:12,119 serena.util.file_system:stop:336 - Loading of .gitignore files completed in 0.609 seconds
INFO  2026-04-20 03:23:12,119 serena.project:stop:336 - Gathering ignore spec for project Sistema_Operativo_Tesis_Posgrado completed in 0.610 seconds
INFO  2026-04-20 03:23:12,119 serena.project:_ignored_patterns:411 - Ignore patterns are now available for project; proceeding
INFO  2026-04-20 03:23:12,120 sensai.util.logging:start:329 - Language server startup (language=python) starting ...
INFO  2026-04-20 03:23:12,120 serena.ls_manager:create_language_server:48 - Creating language server instance for /mnt/v/Sistema_Operativo_Tesis_Posgrado, language=python.
INFO  2026-04-20 03:23:12,135 solidlsp.ls:start:2572 - Starting language server with language python for /mnt/v/Sistema_Operativo_Tesis_Posgrado
INFO  2026-04-20 03:23:12,135 solidlsp.language_servers.pyright_server:_start_server:177 - Starting pyright-langserver server process
INFO  2026-04-20 03:23:12,136 solidlsp.ls_process:start:192 - Starting language server process via command: ['/root/.local/share/uv/tools/serena-agent/bin/python', '-m', 'pyright.langserver', '--stdio']
INFO  2026-04-20 03:23:12,137 solidlsp.language_servers.pyright_server:_start_server:183 - Sending initialize request from LSP client to pyright server and awaiting response
INFO  2026-04-20 03:23:12,358 solidlsp.language_servers.pyright_server:window_log_message:149 - LSP: window/logMessage: Pyright language server 1.1.403 starting
INFO  2026-04-20 03:23:12,358 solidlsp.language_servers.pyright_server:window_log_message:149 - LSP: window/logMessage: Server root directory: file:///root/.local/share/uv/tools/serena-agent/lib/python3.13/site-packages/pyright/dist/dist
INFO  2026-04-20 03:23:12,362 solidlsp.language_servers.pyright_server:window_log_message:149 - LSP: window/logMessage: Starting service instance "Sistema_Operativo_Tesis_Posgrado"
INFO  2026-04-20 03:23:12,362 solidlsp.language_servers.pyright_server:_start_server:185 - Received initialize response from pyright server: {'capabilities': {'textDocumentSync': 2, 'definitionProvider': {'workDoneProgress': True}, 'declarationProvider': {'workDoneProgress': True}, 'typeDefinitionProvider': {'workDoneProgress': True}, 'referencesProvider': {'workDoneProgress': True}, 'documentSymbolProvider': {'workDoneProgress': True}, 'workspaceSymbolProvider': {'workDoneProgress': True}, 'hoverProvider': {'workDoneProgress': True}, 'documentHighlightProvider': {'workDoneProgress': True}, 'renameProvider': {'prepareProvider': True, 'workDoneProgress': True}, 'completionProvider': {'triggerCharacters': ['.', '[', '"', "'"], 'resolveProvider': True, 'workDoneProgress': True, 'completionItem': {'labelDetailsSupport': True}}, 'signatureHelpProvider': {'triggerCharacters': ['(', ',', ')'], 'workDoneProgress': True}, 'codeActionProvider': {'codeActionKinds': ['quickfix', 'source.organizeImports'], 'workDoneProgress': True}, 'executeCommandProvider': {'commands': [], 'workDoneProgress': True}, 'callHierarchyProvider': True, 'workspace': {'workspaceFolders': {'supported': True, 'changeNotifications': True}}}}
INFO  2026-04-20 03:23:12,363 solidlsp.language_servers.pyright_server:_start_server:197 - Waiting for Pyright to complete initial workspace analysis...
INFO  2026-04-20 03:23:13,550 serena.cli:health_check:895 - SerenaAgent created successfully
INFO  2026-04-20 03:23:13,551 serena.cli:health_check:898 - Searching for analyzable files...
INFO  2026-04-20 03:23:14,239 solidlsp.language_servers.pyright_server:window_log_message:149 - LSP: window/logMessage: No include entries specified; assuming /mnt/v/Sistema_Operativo_Tesis_Posgrado
INFO  2026-04-20 03:23:14,239 solidlsp.language_servers.pyright_server:window_log_message:149 - LSP: window/logMessage: Auto-excluding **/node_modules
INFO  2026-04-20 03:23:14,240 solidlsp.language_servers.pyright_server:window_log_message:149 - LSP: window/logMessage: Auto-excluding **/__pycache__
INFO  2026-04-20 03:23:14,240 solidlsp.language_servers.pyright_server:window_log_message:149 - LSP: window/logMessage: Auto-excluding **/.*
INFO  2026-04-20 03:23:14,240 solidlsp.language_servers.pyright_server:window_log_message:149 - LSP: window/logMessage: Assuming Python version 3.12.3.final.0
INFO  2026-04-20 03:23:14,240 solidlsp.language_servers.pyright_server:window_log_message:149 - LSP: window/logMessage: Found 105 source files
INFO  2026-04-20 03:23:14,241 solidlsp.language_servers.pyright_server:window_log_message:154 - Pyright workspace scanning complete
INFO  2026-04-20 03:23:14,241 solidlsp.language_servers.pyright_server:_start_server:199 - Pyright initial analysis complete, server ready
INFO  2026-04-20 03:23:14,241 sensai.util.logging:stop:336 - Language server startup (language=python) completed in 2.121 seconds
INFO  2026-04-20 03:23:14,242 serena.agent:stop:336 - Language server initialization completed in 2.646 seconds
INFO  2026-04-20 03:23:14,242 serena.task_executor:stop:336 - Task-1:init_language_server_manager completed in 2.646 seconds
INFO  2026-04-20 03:23:17,879 serena.cli:health_check:907 - Found analyzable file: get_real_hashes.py
INFO  2026-04-20 03:23:17,879 serena.cli:health_check:925 - Testing GetSymbolsOverviewTool on file: get_real_hashes.py
INFO  2026-04-20 03:23:17,879 serena.task_executor:issue_task:192 - Scheduling Task-2:<lambda>
INFO  2026-04-20 03:23:17,946 serena.task_executor:_process_task_queue:123 - Starting execution of Task-2:<lambda>
INFO  2026-04-20 03:23:17,946 serena.task_executor:start:329 - Task-2:<lambda> starting ...
INFO  2026-04-20 03:23:18,092 serena.task_executor:stop:336 - Task-2:<lambda> completed in 0.146 seconds
INFO  2026-04-20 03:23:18,092 serena.cli:health_check:927 - GetSymbolsOverviewTool returned: [{'name': 'get_hash', 'kind': 'Function'}, {'name': 'root', 'kind': 'Variable'}, {'name': 'ledger_path', 'kind': 'Variable'}, {'name': 'content', 'kind': 'Variable'}, {'name': 'matches', 'kind': 'Variable'}, {'name': 'results', 'kind': 'Variable'}, {'name': 'block_id', 'kind': 'Variable'}, {'name': 'text', 'kind': 'Variable'}]
INFO  2026-04-20 03:23:18,093 serena.cli:health_check:950 - Using symbol for testing: get_hash (kind: Function)
INFO  2026-04-20 03:23:18,093 serena.cli:health_check:953 - Testing FindSymbolTool for symbol: get_hash
INFO  2026-04-20 03:23:18,094 serena.task_executor:issue_task:192 - Scheduling Task-3:<lambda>
INFO  2026-04-20 03:23:18,193 serena.task_executor:_process_task_queue:123 - Starting execution of Task-3:<lambda>
INFO  2026-04-20 03:23:18,193 serena.task_executor:start:329 - Task-3:<lambda> starting ...
INFO  2026-04-20 03:23:18,198 serena.task_executor:stop:336 - Task-3:<lambda> completed in 0.005 seconds
INFO  2026-04-20 03:23:18,198 serena.cli:health_check:958 - FindSymbolTool found 1 matches for symbol get_hash
INFO  2026-04-20 03:23:18,199 serena.cli:health_check:961 - Testing FindReferencingSymbolsTool for symbol: get_hash
INFO  2026-04-20 03:23:18,199 serena.task_executor:issue_task:192 - Scheduling Task-4:<lambda>
INFO  2026-04-20 03:23:18,298 serena.task_executor:_process_task_queue:123 - Starting execution of Task-4:<lambda>
INFO  2026-04-20 03:23:18,299 serena.task_executor:start:329 - Task-4:<lambda> starting ...
WARNING 2026-04-20 03:23:20,589 solidlsp.ls:request_referencing_symbols:1874 - Could not find containing symbol for get_real_hashes.py:15:34. Returning file symbol instead
INFO  2026-04-20 03:23:20,592 serena.task_executor:stop:336 - Task-4:<lambda> completed in 2.293 seconds
INFO  2026-04-20 03:23:20,592 serena.cli:health_check:965 - FindReferencingSymbolsTool found 1 references for symbol get_hash
INFO  2026-04-20 03:23:20,593 serena.cli:health_check:971 - Testing SearchForPatternTool for pattern: get_hash
INFO  2026-04-20 03:23:20,593 serena.task_executor:issue_task:192 - Scheduling Task-5:<lambda>
INFO  2026-04-20 03:23:20,693 serena.task_executor:_process_task_queue:123 - Starting execution of Task-5:<lambda>
INFO  2026-04-20 03:23:20,693 serena.task_executor:start:329 - Task-5:<lambda> starting ...
INFO  2026-04-20 03:23:24,660 serena.util.text_utils:search_files:367 - Processing 105 files.
INFO  2026-04-20 03:23:24,734 serena.util.text_utils:search_files:408 - Found 2 total matches across 105 files
INFO  2026-04-20 03:23:24,735 serena.task_executor:stop:336 - Task-5:<lambda> completed in 4.042 seconds
INFO  2026-04-20 03:23:24,735 serena.cli:health_check:978 - SearchForPatternTool found 2 pattern matches for get_hash
INFO  2026-04-20 03:23:24,735 serena.cli:health_check:992 - Health check completed successfully
